#
# There is insufficient memory for the Java Runtime Environment to continue.
# Native memory allocation (malloc) failed to allocate 32744 bytes for ChunkPool::allocate
# Possible reasons:
#   The system is out of physical RAM or swap space
#   The process is running with CompressedOops enabled, and the Java Heap may be blocking the growth of the native heap
# Possible solutions:
#   Reduce memory load on the system
#   Increase physical memory or swap space
#   Check if swap backing store is full
#   Decrease Java heap size (-Xmx/-Xms)
#   Decrease number of Java threads
#   Decrease Java thread stack sizes (-Xss)
#   Set larger code cache with -XX:ReservedCodeCacheSize=
#   JVM is running with Unscaled Compressed Oops mode in which the Java heap is
#     placed in the first 4GB address space. The Java Heap base address is the
#     maximum limit for the native heap growth. Please use -XX:HeapBaseMinAddress
#     to set the Java Heap base and to place the Java Heap above 4GB virtual address.
# This output file may be truncated or incomplete.
#
#  Out of Memory Error (allocation.cpp:272), pid=1984, tid=0x0000000000002af4
#
# JRE version: Java(TM) SE Runtime Environment (8.0_301-b09) (build 1.8.0_301-b09)
# Java VM: Java HotSpot(TM) 64-Bit Server VM (25.301-b09 mixed mode windows-amd64 compressed oops)
# Failed to write core dump. Minidumps are not enabled by default on client versions of Windows
#

---------------  T H R E A D  ---------------

Current thread (0x000001fb44f19800):  JavaThread "C2 CompilerThread1" daemon [_thread_in_vm, id=10996, stack(0x000000a29b600000,0x000000a29b700000)]

Stack: [0x000000a29b600000,0x000000a29b700000]
Native frames: (J=compiled Java code, j=interpreted, Vv=VM code, C=native code)
V  [jvm.dll+0x32ed79]


---------------  P R O C E S S  ---------------

Java Threads: ( => current thread )
  0x000001fb44f95000 JavaThread "Service Thread" daemon [_thread_blocked, id=4488, stack(0x000000a29b900000,0x000000a29ba00000)]
  0x000001fb44f1d800 JavaThread "C1 CompilerThread3" daemon [_thread_in_native, id=11100, stack(0x000000a29b800000,0x000000a29b900000)]
  0x000001fb44f1a800 JavaThread "C2 CompilerThread2" daemon [_thread_blocked, id=15744, stack(0x000000a29b700000,0x000000a29b800000)]
=>0x000001fb44f19800 JavaThread "C2 CompilerThread1" daemon [_thread_in_vm, id=10996, stack(0x000000a29b600000,0x000000a29b700000)]
  0x000001fb44f19000 JavaThread "C2 CompilerThread0" daemon [_thread_blocked, id=1232, stack(0x000000a29b500000,0x000000a29b600000)]
  0x000001fb44f17000 JavaThread "Monitor Ctrl-Break" daemon [_thread_in_vm, id=16376, stack(0x000000a29b400000,0x000000a29b500000)]
  0x000001fb42de9000 JavaThread "Attach Listener" daemon [_thread_blocked, id=5664, stack(0x000000a29b300000,0x000000a29b400000)]
  0x000001fb42de8000 JavaThread "Signal Dispatcher" daemon [_thread_blocked, id=8488, stack(0x000000a29b200000,0x000000a29b300000)]
  0x000001fb42dc1000 JavaThread "Finalizer" daemon [_thread_blocked, id=15580, stack(0x000000a29b100000,0x000000a29b200000)]
  0x000001fb42dba000 JavaThread "Reference Handler" daemon [_thread_blocked, id=15340, stack(0x000000a29b000000,0x000000a29b100000)]
  0x000001fb2cc76000 JavaThread "main" [_thread_in_native, id=8052, stack(0x000000a29a600000,0x000000a29a700000)]

Other Threads:
  0x000001fb42d90000 VMThread [stack: 0x000000a29af00000,0x000000a29b000000] [id=14716]

VM state:not at safepoint (normal execution)

VM Mutex/Monitor currently owned by a thread: None

heap address: 0x0000000081e00000, size: 2018 MB, Compressed Oops mode: 32-bit
Narrow klass base: 0x0000000000000000, Narrow klass shift: 3
Compressed class space size: 1073741824 Address: 0x0000000100000000

Heap:
 PSYoungGen      total 38400K, used 3352K [0x00000000d5f80000, 0x00000000d8a00000, 0x0000000100000000)
  eden space 33280K, 10% used [0x00000000d5f80000,0x00000000d62c60f8,0x00000000d8000000)
  from space 5120K, 0% used [0x00000000d8500000,0x00000000d8500000,0x00000000d8a00000)
  to   space 5120K, 0% used [0x00000000d8000000,0x00000000d8000000,0x00000000d8500000)
 ParOldGen       total 87552K, used 0K [0x0000000081e00000, 0x0000000087380000, 0x00000000d5f80000)
  object space 87552K, 0% used [0x0000000081e00000,0x0000000081e00000,0x0000000087380000)
 Metaspace       used 2879K, capacity 4494K, committed 4864K, reserved 1058816K
  class space    used 316K, capacity 386K, committed 512K, reserved 1048576K

Card table byte_map: [0x000001fb3d970000,0x000001fb3dd70000] byte_map_base: 0x000001fb3d561000

Marking Bits: (ParMarkBitMap*) 0x00000000552c7fe0
 Begin Bits: [0x000001fb3e020000, 0x000001fb3ffa8000)
 End Bits:   [0x000001fb3ffa8000, 0x000001fb41f30000)

Polling page: 0x000001fb2e580000

CodeCache: size=245760Kb used=1074Kb max_used=1074Kb free=244685Kb
 bounds [0x000001fb2e5b0000, 0x000001fb2e820000, 0x000001fb3d5b0000]
 total_blobs=226 nmethods=2 adapters=152
 compilation: enabled

Compilation events (0 events):
No events

GC Heap History (0 events):
No events

Deoptimization events (0 events):
No events

Classes redefined (0 events):
No events

Internal exceptions (2 events):
Event: 0.028 Thread 0x000001fb2cc76000 Exception <a 'java/lang/NoSuchMethodError': Method sun.misc.Unsafe.defineClass(Ljava/lang/String;[BII)Ljava/lang/Class; name or signature does not match> (0x00000000d5f87cc0) thrown at [C:\jenkins\workspace\8-2-build-windows-amd64-cygwin\jdk8u301\1513\hot
Event: 0.028 Thread 0x000001fb2cc76000 Exception <a 'java/lang/NoSuchMethodError': Method sun.misc.Unsafe.prefetchRead(Ljava/lang/Object;J)V name or signature does not match> (0x00000000d5f87fa8) thrown at [C:\jenkins\workspace\8-2-build-windows-amd64-cygwin\jdk8u301\1513\hotspot\src\share\vm\

Events (10 events):
Event: 0.148 loading class java/util/concurrent/ConcurrentHashMap$ForwardingNode done
Event: 0.148 loading class com/intellij/rt/execution/application/AppMainV2$1
Event: 0.148 loading class com/intellij/rt/execution/application/AppMainV2$1 done
Event: 0.153 Thread 0x000001fb44f17000 Thread added: 0x000001fb44f17000
Event: 0.153 Thread 0x000001fb44f19000 Thread added: 0x000001fb44f19000
Event: 0.153 Thread 0x000001fb44f19800 Thread added: 0x000001fb44f19800
Event: 0.153 Thread 0x000001fb44f1a800 Thread added: 0x000001fb44f1a800
Event: 0.153 loading class java/net/Socket
Event: 0.153 Thread 0x000001fb44f1d800 Thread added: 0x000001fb44f1d800
Event: 0.153 loading class java/lang/invoke/MethodHandleImpl


Dynamic libraries:
0x00007ff7cf290000 - 0x00007ff7cf2d7000 	C:\Program Files\Java\jdk1.8.0_301\bin\java.exe
0x00007ffdc0030000 - 0x00007ffdc0225000 	C:\WINDOWS\SYSTEM32\ntdll.dll
0x00007ffdbe2a0000 - 0x00007ffdbe35e000 	C:\WINDOWS\System32\KERNEL32.DLL
0x00007ffdbd770000 - 0x00007ffdbda38000 	C:\WINDOWS\System32\KERNELBASE.dll
0x00007ffdbeab0000 - 0x00007ffdbeb5e000 	C:\WINDOWS\System32\ADVAPI32.dll
0x00007ffdbfcb0000 - 0x00007ffdbfd4e000 	C:\WINDOWS\System32\msvcrt.dll
0x00007ffdbf910000 - 0x00007ffdbf9ac000 	C:\WINDOWS\System32\sechost.dll
0x00007ffdbf730000 - 0x00007ffdbf855000 	C:\WINDOWS\System32\RPCRT4.dll
0x00007ffdbfd50000 - 0x00007ffdbfef1000 	C:\WINDOWS\System32\USER32.dll
0x00007ffdbd740000 - 0x00007ffdbd762000 	C:\WINDOWS\System32\win32u.dll
0x00007ffdbed80000 - 0x00007ffdbedab000 	C:\WINDOWS\System32\GDI32.dll
0x00007ffdbdaa0000 - 0x00007ffdbdbad000 	C:\WINDOWS\System32\gdi32full.dll
0x00007ffdbdd20000 - 0x00007ffdbddbd000 	C:\WINDOWS\System32\msvcp_win.dll
0x00007ffdbddc0000 - 0x00007ffdbdec0000 	C:\WINDOWS\System32\ucrtbase.dll
0x00007ffda7850000 - 0x00007ffda7aea000 	C:\WINDOWS\WinSxS\amd64_microsoft.windows.common-controls_6595b64144ccf1df_6.0.19041.1110_none_60b5254171f9507e\COMCTL32.dll
0x00007ffdbf700000 - 0x00007ffdbf730000 	C:\WINDOWS\System32\IMM32.DLL
0x00007ffda7630000 - 0x00007ffda7645000 	C:\Program Files\Java\jdk1.8.0_301\jre\bin\vcruntime140.dll
0x00007ffda7590000 - 0x00007ffda762b000 	C:\Program Files\Java\jdk1.8.0_301\jre\bin\msvcp140.dll
0x0000000054ae0000 - 0x0000000055340000 	C:\Program Files\Java\jdk1.8.0_301\jre\bin\server\jvm.dll
0x00007ffdbfb70000 - 0x00007ffdbfb78000 	C:\WINDOWS\System32\PSAPI.DLL
0x00007ffda6810000 - 0x00007ffda6819000 	C:\WINDOWS\SYSTEM32\WSOCK32.dll
0x00007ffdb6b20000 - 0x00007ffdb6b2a000 	C:\WINDOWS\SYSTEM32\VERSION.dll
0x00007ffda8350000 - 0x00007ffda8377000 	C:\WINDOWS\SYSTEM32\WINMM.dll
0x00007ffdbed10000 - 0x00007ffdbed7b000 	C:\WINDOWS\System32\WS2_32.dll
0x00007ffdbbff0000 - 0x00007ffdbc002000 	C:\WINDOWS\SYSTEM32\kernel.appcore.dll
0x00007ffdba940000 - 0x00007ffdba950000 	C:\Program Files\Java\jdk1.8.0_301\jre\bin\verify.dll
0x00007ffd9dc90000 - 0x00007ffd9dcbb000 	C:\Program Files\Java\jdk1.8.0_301\jre\bin\java.dll
0x00007ffdb88d0000 - 0x00007ffdb8900000 	C:\Program Files\Java\jdk1.8.0_301\jre\bin\instrument.dll
0x00007ffda7380000 - 0x00007ffda7398000 	C:\Program Files\Java\jdk1.8.0_301\jre\bin\zip.dll
0x00007ffdbe360000 - 0x00007ffdbeaa4000 	C:\WINDOWS\System32\SHELL32.dll
0x00007ffdbb810000 - 0x00007ffdbbfa5000 	C:\WINDOWS\SYSTEM32\windows.storage.dll
0x00007ffdbedb0000 - 0x00007ffdbf105000 	C:\WINDOWS\System32\combase.dll
0x00007ffdbd0c0000 - 0x00007ffdbd0ee000 	C:\WINDOWS\SYSTEM32\Wldp.dll
0x00007ffdbf170000 - 0x00007ffdbf21d000 	C:\WINDOWS\System32\SHCORE.dll
0x00007ffdbfa30000 - 0x00007ffdbfa85000 	C:\WINDOWS\System32\shlwapi.dll
0x00007ffdbd680000 - 0x00007ffdbd69f000 	C:\WINDOWS\SYSTEM32\profapi.dll
0x00007ffda7ce0000 - 0x00007ffda7cfa000 	C:\Program Files\JetBrains\IntelliJ IDEA Community Edition 2021.3.1\bin\breakgen64.dll
0x00007ffd9dc70000 - 0x00007ffd9dc8c000 	C:\Program Files\Java\jdk1.8.0_301\jre\bin\net.dll
0x00007ffdbce20000 - 0x00007ffdbce8a000 	C:\WINDOWS\system32\mswsock.dll

VM Arguments:
jvm_args: -javaagent:C:\Program Files\JetBrains\IntelliJ IDEA Community Edition 2021.3.1\lib\idea_rt.jar=58583:C:\Program Files\JetBrains\IntelliJ IDEA Community Edition 2021.3.1\bin -Dfile.encoding=UTF-8 
java_command: SpringbootCreditcardApplication
java_class_path (initial): C:\Program Files\Java\jdk1.8.0_301\jre\lib\charsets.jar;C:\Program Files\Java\jdk1.8.0_301\jre\lib\deploy.jar;C:\Program Files\Java\jdk1.8.0_301\jre\lib\ext\access-bridge-64.jar;C:\Program Files\Java\jdk1.8.0_301\jre\lib\ext\cldrdata.jar;C:\Program Files\Java\jdk1.8.0_301\jre\lib\ext\dnsns.jar;C:\Program Files\Java\jdk1.8.0_301\jre\lib\ext\jaccess.jar;C:\Program Files\Java\jdk1.8.0_301\jre\lib\ext\jfxrt.jar;C:\Program Files\Java\jdk1.8.0_301\jre\lib\ext\localedata.jar;C:\Program Files\Java\jdk1.8.0_301\jre\lib\ext\nashorn.jar;C:\Program Files\Java\jdk1.8.0_301\jre\lib\ext\sunec.jar;C:\Program Files\Java\jdk1.8.0_301\jre\lib\ext\sunjce_provider.jar;C:\Program Files\Java\jdk1.8.0_301\jre\lib\ext\sunmscapi.jar;C:\Program Files\Java\jdk1.8.0_301\jre\lib\ext\sunpkcs11.jar;C:\Program Files\Java\jdk1.8.0_301\jre\lib\ext\zipfs.jar;C:\Program Files\Java\jdk1.8.0_301\jre\lib\javaws.jar;C:\Program Files\Java\jdk1.8.0_301\jre\lib\jce.jar;C:\Program Files\Java\jdk1.8.0_301\jre\lib\jfr.jar;C:\Program Files\Java\jdk1.8.0_301\jre\lib\jfxswt.jar;C:\Program Files\Java\jdk1.8.0_301\jre\lib\jsse.jar;C:\Program Files\Java\jdk1.8.0_301\jre\lib\management-agent.jar;C:\Program Files\Java\jdk1.8.0_301\jre\lib\plugin.jar;C:\Program Files\Java\jdk1.8.0_301\jre\lib\resources.jar;C:\Program Files\Java\jdk1.8.0_301\jre\lib\rt.jar;D:\SpringbootApp\springboot-creditcard\springboot-creditcard\target\classes;C:\Users\abhi3\.m2\repository\org\springframework\boot\spring-boot-starter-data-jpa\2.6.3\spring-boot-starter-data-jpa-2.6.3.jar;C:\Users\abhi3\.m2\repository\org\springframework\boot\spring-boot-starter-aop\2.6.3\spring-boot-starter-aop-2.6.3.jar;C:\Users\abhi3\.m2\repository\org\springframework\spring-aop\5.3.15\spring-aop-5.3.15.jar;C:\Users\abhi3\.m2\repository\org\aspectj\aspectjweaver\1.9.7\aspectjweaver-1.9.7.jar;C:\Users\abhi3\.m2\repository\org\springframework\boot\spring-boot-starter-jdbc\2.6.3\spring-boot-starter-jdbc-2.6.3.jar;C:\Users\abhi3\.m2\repositor
Launcher Type: SUN_STANDARD

Environment Variables:
JAVA_HOME=C:\Program Files\Java\jdk1.8.0_301\bin
PATH=C:\Program Files\Google\Chrome\Application;C:\Program Files (x86)\Common Files\Oracle\Java\javapath;C:\WINDOWS\system32;C:\WINDOWS;C:\WINDOWS\System32\Wbem;C:\WINDOWS\System32\WindowsPowerShell\v1.0\;C:\WINDOWS\System32\OpenSSH\;C:\Users\abhi3\AppData\Local\Microsoft\WindowsApps;
USERNAME=abhi3
OS=Windows_NT
PROCESSOR_IDENTIFIER=Intel64 Family 6 Model 142 Stepping 12, GenuineIntel



---------------  S Y S T E M  ---------------

OS: Windows 10.0 , 64 bit Build 19041 (10.0.19041.1466)

CPU:total 8 (initial active 8) (4 cores per cpu, 2 threads per core) family 6 model 142 stepping 12, cmov, cx8, fxsr, mmx, sse, sse2, sse3, ssse3, sse4.1, sse4.2, popcnt, avx, avx2, aes, clmul, erms, 3dnowpref, lzcnt, ht, tsc, tscinvbit, bmi1, bmi2, adx

Memory: 4k page, physical 8262188k(1904236k free), swap 9572908k(2328k free)

vm_info: Java HotSpot(TM) 64-Bit Server VM (25.301-b09) for windows-amd64 JRE (1.8.0_301-b09), built on Jun  9 2021 06:46:21 by "java_re" with MS VC++ 15.9 (VS2017)

time: Thu Jan 27 00:42:23 2022
timezone: India Standard Time
elapsed time: 0.159542 seconds (0d 0h 0m 0s)

